<?xml version="1.0" encoding="UTF-8"?>
<!-- Generated by org.testng.reporters.JUnitReportReporter -->
<testsuite skipped="0" hostname="DESKTOP-T27B982" name="Demo" tests="5" failures="0" timestamp="28 Aug 2018 08:58:20 GMT" time="0.017" errors="0">
  <testcase name="c_method" time="0.012" classname="Demo"/>
  <testcase name="e_method" time="0.001" classname="Demo"/>
  <testcase name="a_method" time="0.001" classname="Demo"/>
  <testcase name="b_method" time="0.002" classname="Demo"/>
  <testcase name="d_method" time="0.001" classname="Demo"/>
</testsuite> <!-- Demo -->
